  Beholder.cpp
  Enemy.cpp
  EnvironmentObject.cpp
  GameWin.cpp
  Hero.cpp
  MapManager.cpp
C:\Users\owen\Documents\Visual Studio 2022\Projects\AlienAdventure\MapManager.cpp(116,54): warning C4244: 'argument': conversion from 'int' to 'float', possible loss of data
C:\Users\owen\Documents\Visual Studio 2022\Projects\AlienAdventure\MapManager.cpp(119,53): warning C4244: 'argument': conversion from 'int' to 'float', possible loss of data
C:\Users\owen\Documents\Visual Studio 2022\Projects\AlienAdventure\MapManager.cpp(125,62): warning C4244: 'argument': conversion from 'int' to 'float', possible loss of data
C:\Users\owen\Documents\Visual Studio 2022\Projects\AlienAdventure\MapManager.cpp(128,61): warning C4244: 'argument': conversion from 'int' to 'float', possible loss of data
C:\Users\owen\Documents\Visual Studio 2022\Projects\AlienAdventure\MapManager.cpp(134,59): warning C4244: 'argument': conversion from 'int' to 'float', possible loss of data
C:\Users\owen\Documents\Visual Studio 2022\Projects\AlienAdventure\MapManager.cpp(137,58): warning C4244: 'argument': conversion from 'int' to 'float', possible loss of data
C:\Users\owen\Documents\Visual Studio 2022\Projects\AlienAdventure\MapManager.cpp(143,64): warning C4244: 'argument': conversion from 'int' to 'float', possible loss of data
C:\Users\owen\Documents\Visual Studio 2022\Projects\AlienAdventure\MapManager.cpp(146,63): warning C4244: 'argument': conversion from 'int' to 'float', possible loss of data
C:\Users\owen\Documents\Visual Studio 2022\Projects\AlienAdventure\MapManager.cpp(152,62): warning C4244: 'argument': conversion from 'int' to 'float', possible loss of data
C:\Users\owen\Documents\Visual Studio 2022\Projects\AlienAdventure\MapManager.cpp(155,61): warning C4244: 'argument': conversion from 'int' to 'float', possible loss of data
C:\Users\owen\Documents\Visual Studio 2022\Projects\AlienAdventure\MapManager.cpp(161,54): warning C4244: 'argument': conversion from 'int' to 'float', possible loss of data
C:\Users\owen\Documents\Visual Studio 2022\Projects\AlienAdventure\MapManager.cpp(164,53): warning C4244: 'argument': conversion from 'int' to 'float', possible loss of data
  Points.cpp
  Reticle.cpp
  game.cpp
  Generating Code...
C:\Users\owen\Documents\Visual Studio 2022\Projects\AlienAdventure\Reticle.cpp(42): warning C4715: 'Reticle::eventHandler': not all control paths return a value
C:\Users\owen\Documents\Visual Studio 2022\Projects\AlienAdventure\MapManager.cpp(61): warning C4715: 'MapManager::setCellY': not all control paths return a value
C:\Users\owen\Documents\Visual Studio 2022\Projects\AlienAdventure\MapManager.cpp(45): warning C4715: 'MapManager::setCellX': not all control paths return a value
  AlienAdventure.vcxproj -> C:\Users\owen\Documents\Visual Studio 2022\Projects\AlienAdventure\x64\Debug\AlienAdventure.exe
