17:43:57    0 ****************************************************
17:43:57    0 ** Dragonfly version 4.19 **
17:43:57    0 ** Game engine started **
17:43:57    0 ****************************************************
17:44:00   67 GameManager::run(): Can't keep up! frame_time 33 ms, split 41 ms
17:44:00   86 GameManager::run(): Can't keep up! frame_time 33 ms, split 42 ms
17:44:00   90 RM::loadSprite(): Loading sprite 'sprites/hero_bow.txt'.
17:44:00   90 RM::loadSprite(): Loading sprite 'sprites/hero_sword.txt'.
17:44:00   90 RM::loadSprite(): Loading sprite 'sprites/hero_bow_left.txt'.
17:44:00   90 RM::loadSprite(): Loading sprite 'sprites/hero_sword_left.txt'.
17:44:00   90 RM::loadSprite(): Loading sprite 'sprites/chomper.txt'.
17:44:00   90 RM::loadSprite(): Loading sprite 'sprites/goopling.txt'.
17:44:00   90 RM::loadSprite(): Loading sprite 'sprites/arrowleft.txt'.
17:44:00   90 RM::loadSprite(): Loading sprite 'sprites/arrowright.txt'.
17:44:00   90 RM::loadSprite(): Loading sprite 'sprites/flower1.txt'.
17:44:00   90 RM::loadSprite(): Loading sprite 'sprites/flower2.txt'.
17:44:00   90 RM::loadSprite(): Loading sprite 'sprites/mushroom.txt'.
17:44:00   90 RM::loadSprite(): Loading sprite 'sprites/rock_big.txt'.
17:44:00   90 RM::loadSprite(): Loading sprite 'sprites/rock_small.txt'.
17:44:00   90 RM::loadSprite(): Loading sprite 'sprites/rock-b1.txt'.
17:44:00   90 RM::loadSprite(): Loading sprite 'sprites/rock-b2.txt'.
17:44:00   90 RM::loadSprite(): Loading sprite 'sprites/rock-vert1.txt'.
17:44:00   90 RM::loadSprite(): Loading sprite 'sprites/rock-vert2.txt'.
17:44:00   90 RM::loadSprite(): Loading sprite 'sprites/tree.txt'.
17:44:00   90 RM::loadSprite(): Loading sprite 'sprites/tree-vert-b.txt'.
17:44:00   90 RM::loadSprite(): Loading sprite 'sprites/tree-1.txt'.
17:44:00   90 RM::loadSprite(): Loading sprite 'sprites/tree-dense.txt'.
17:44:00   90 RM::loadSprite(): Loading sprite 'sprites/misc-grass-1.txt'.
17:44:00   90 RM::loadSprite(): Loading sprite 'sprites/misc-grass-2.txt'.
17:44:00   90 RM::loadSprite(): Loading sprite 'sprites/misc-grass-3.txt'.
17:44:00   90 RM::loadSprite(): Loading sprite 'sprites/space_station.txt'.
17:44:00   90 WorldManager::isValid(): Event df-out handled automatically.
17:44:00   90 Manager(WorldManager)::registerInterest(): Event 'df-out' not valid for this Manager
17:44:01    5 GameManager::run(): Can't keep up! frame_time 33 ms, split 50 ms
17:44:01   14 GameManager::run(): Can't keep up! frame_time 33 ms, split 39 ms
17:44:01   18 GameManager::run(): Can't keep up! frame_time 33 ms, split 37 ms
17:44:01   21 GameManager::run(): Can't keep up! frame_time 33 ms, split 38 ms
17:44:03   62 GameManager::run(): Can't keep up! frame_time 33 ms, split 37 ms
17:44:03   63 GameManager::run(): Can't keep up! frame_time 33 ms, split 33 ms
17:44:03   67 GameManager::run(): Can't keep up! frame_time 33 ms, split 33 ms
17:44:03   78 GameManager::run(): Can't keep up! frame_time 33 ms, split 45 ms
17:44:04   96 GameManager::run(): Can't keep up! frame_time 33 ms, split 40 ms
17:44:05  127 GameManager::run(): Can't keep up! frame_time 33 ms, split 43 ms
17:44:07  199 GameManager::run(): Can't keep up! frame_time 33 ms, split 46 ms
17:44:09  248 GameManager::run(): Can't keep up! frame_time 33 ms, split 35 ms
17:44:09  249 GameManager::run(): Can't keep up! frame_time 33 ms, split 48 ms
17:44:10  268 GameManager::run(): Can't keep up! frame_time 33 ms, split 33 ms
17:44:10  286 GameManager::run(): Can't keep up! frame_time 33 ms, split 33 ms
